
ROM used:   92/8192 (1%)
            92/8192 (1%) including unused fragments

            0.3 Average locations per line
            4.2 Average locations per statement

RAM used:   7/368 (2%) at main() level
            7/368 (2%) worst case

Stack used: 1 worst case (1 in main + 0 for interrupts)
Stack size: 8

Lines Stmts  %   Files
----- ----- ---  -----
   47    22 100  main.c
  274     0   0  ..\..\..\..\..\..\Program Files (x86)\PICC\Devices\16F877A.h
----- -----
  321    22 Total

Page ROM  %  RAM   Vol Diff  Functions:
---- --- --- ---   --- ----  ----------
0     22  24    1             @delay_ms1
0     66  72    1   450  4.3  main
 Inline         0             @cinit1

Program metrics:
    Functions               1
    Statements              22
    Comments                68
    Volume (V)              455
    Difficulty (D)          4.0
    Effort to implement (E) 1834
    Time to implement (T)   2 minutes
    Est Delivered Bugs (B)  0
    Cyclomatic Complexity   4
    Maintainability (MI)    99

 Segment     Used  Free
-----------  ----  ----
00000-00003     4  0  
00004-007FF    88  1956  
00800-00FFF     0  2048  
01000-017FF     0  2048  
01800-01FFF     0  2048  



