
ROM used:   87/8192 (1%)
            87/8192 (1%) including unused fragments

            0.3 Average locations per line
            7.3 Average locations per statement

RAM used:   6/368 (2%) at main() level
            7/368 (2%) worst case

Stack used: 1 worst case (1 in main + 0 for interrupts)
Stack size: 8

Lines Stmts  %   Files
----- ----- ---  -----
   23    12 100  main.c
  274     0   0  ..\..\..\..\..\..\Program Files (x86)\PICC\Devices\16F877A.h
----- -----
  297    12 Total

Page ROM  %  RAM   Vol Diff  Functions:
---- --- --- ---   --- ----  ----------
0     20  23    1             @delay_ms1
0     63  72    1   228  2.3  main
 Inline         0             @cinit1

Program metrics:
    Functions               1
    Statements              12
    Comments                71
    Volume (V)              233
    Difficulty (D)          2.1
    Effort to implement (E) 493
    Time to implement (T)   0 minutes
    Est Delivered Bugs (B)  0
    Cyclomatic Complexity   1
    Maintainability (MI)    126

 Segment     Used  Free
-----------  ----  ----
00000-00003     4  0  
00004-007FF    83  1961  
00800-00FFF     0  2048  
01000-017FF     0  2048  
01800-01FFF     0  2048  



