
ROM used:   160/8192 (2%)
            160/8192 (2%) including unused fragments

            0.5 Average locations per line
            9.4 Average locations per statement

RAM used:   5/368 (1%) at main() level
            11/368 (3%) worst case

Stack used: 1 worst case (1 in main + 0 for interrupts)
Stack size: 8

Lines Stmts  %   Files
----- ----- ---  -----
   33    17 100  main.c
  274     0   0  ..\..\..\..\..\..\Program Files (x86)\PICC\Devices\16F877A.h
----- -----
  307    17 Total

Page ROM  %  RAM   Vol Diff  Functions:
---- --- --- ---   --- ----  ----------
0     20  12    1             @delay_ms1
0    104  65    0   436  4.9  main
0     32  20    6             @WRITEBITA
 Inline         0   228  2.3  @cinit1

Program metrics:
    Functions               2
    Statements              17
    Comments                66
    Volume (V)              788
    Difficulty (D)          6.9
    Effort to implement (E) 5448
    Time to implement (T)   5 minutes
    Est Delivered Bugs (B)  0
    Cyclomatic Complexity   1
    Maintainability (MI)    130

 Segment     Used  Free
-----------  ----  ----
00000-00003     4  0  
00004-007FF   156  1888  
00800-00FFF     0  2048  
01000-017FF     0  2048  
01800-01FFF     0  2048  



