
ROM used:   81/8192 (1%)
            81/8192 (1%) including unused fragments

            0.3 Average locations per line
            4.5 Average locations per statement

RAM used:   8/368 (2%) at main() level
            8/368 (2%) worst case

Stack used: 1 worst case (1 in main + 0 for interrupts)
Stack size: 8

Lines Stmts  %   Files
----- ----- ---  -----
   33    18 100  main.c
  274     0   0  ..\..\..\..\..\..\Program Files (x86)\PICC\Devices\16F877A.h
----- -----
  307    18 Total

Page ROM  %  RAM   Vol Diff  Functions:
---- --- --- ---   --- ----  ----------
0     20  25    1             @delay_ms1
0     57  70    1   402  5.2  main
 Inline         0             @cinit1

Program metrics:
    Functions               1
    Statements              18
    Comments                69
    Volume (V)              406
    Difficulty (D)          4.9
    Effort to implement (E) 1972
    Time to implement (T)   2 minutes
    Est Delivered Bugs (B)  0
    Cyclomatic Complexity   4
    Maintainability (MI)    107

 Segment     Used  Free
-----------  ----  ----
00000-00003     4  0  
00004-007FF    77  1967  
00800-00FFF     0  2048  
01000-017FF     0  2048  
01800-01FFF     0  2048  



